[debug] [2024-04-03T13:13:16.782Z] ----------------------------------------------------------------------
[debug] [2024-04-03T13:13:16.789Z] Command:       C:\Program Files\nodejs\node.exe C:\Users\BECKYNESH\AppData\Roaming\npm\node_modules\firebase-tools\lib\bin\firebase.js init functions
[debug] [2024-04-03T13:13:16.790Z] CLI Version:   13.6.1
[debug] [2024-04-03T13:13:16.790Z] Platform:      win32
[debug] [2024-04-03T13:13:16.790Z] Node Version:  v20.12.0
[debug] [2024-04-03T13:13:16.791Z] Time:          Wed Apr 03 2024 16:13:16 GMT+0300 (East Africa Time)
[debug] [2024-04-03T13:13:16.791Z] ----------------------------------------------------------------------
[debug] 
[debug] [2024-04-03T13:13:16.807Z] > command requires scopes: ["email","openid","https://www.googleapis.com/auth/cloudplatformprojects.readonly","https://www.googleapis.com/auth/firebase","https://www.googleapis.com/auth/cloud-platform"]
[debug] [2024-04-03T13:13:16.809Z] > authorizing via signed-in user (thedeckor0@gmail.com)
[info] 
     ######## #### ########  ######## ########     ###     ######  ########
     ##        ##  ##     ## ##       ##     ##  ##   ##  ##       ##
     ######    ##  ########  ######   ########  #########  ######  ######
     ##        ##  ##    ##  ##       ##     ## ##     ##       ## ##
     ##       #### ##     ## ######## ########  ##     ##  ######  ########

You're about to initialize a Firebase project in this directory:

  C:\Users\BECKYNESH\AndroidStudioProjects\UNIEXXPENSE

[info] 
=== Project Setup
[info] 
[info] First, let's associate this project directory with a Firebase project.
[info] You can create multiple project aliases by running firebase use --add, 
[info] but for now we'll just set up a default project.
[info] 
[debug] [2024-04-03T13:13:49.295Z] >>> [apiv2][query] GET https://firebase.googleapis.com/v1beta1/projects pageSize=100
[debug] [2024-04-03T13:13:50.267Z] <<< [apiv2][status] GET https://firebase.googleapis.com/v1beta1/projects 200
[debug] [2024-04-03T13:13:50.267Z] <<< [apiv2][body] GET https://firebase.googleapis.com/v1beta1/projects [omitted]
[info] i  Using project uniexpense-5cc57 (UNIEXPENSE) 
[info] 
=== Functions Setup
[debug] [2024-04-03T13:13:58.174Z] > command requires scopes: ["email","openid","https://www.googleapis.com/auth/cloudplatformprojects.readonly","https://www.googleapis.com/auth/firebase","https://www.googleapis.com/auth/cloud-platform"]
[debug] [2024-04-03T13:13:58.175Z] > authorizing via signed-in user (thedeckor0@gmail.com)
[debug] [2024-04-03T13:13:58.176Z] [iam] checking project uniexpense-5cc57 for permissions ["firebase.projects.get"]
[debug] [2024-04-03T13:13:58.179Z] >>> [apiv2][query] POST https://cloudresourcemanager.googleapis.com/v1/projects/uniexpense-5cc57:testIamPermissions [none]
[debug] [2024-04-03T13:13:58.179Z] >>> [apiv2][(partial)header] POST https://cloudresourcemanager.googleapis.com/v1/projects/uniexpense-5cc57:testIamPermissions x-goog-quota-user=projects/uniexpense-5cc57
[debug] [2024-04-03T13:13:58.180Z] >>> [apiv2][body] POST https://cloudresourcemanager.googleapis.com/v1/projects/uniexpense-5cc57:testIamPermissions {"permissions":["firebase.projects.get"]}
[debug] [2024-04-03T13:14:00.015Z] <<< [apiv2][status] POST https://cloudresourcemanager.googleapis.com/v1/projects/uniexpense-5cc57:testIamPermissions 200
[debug] [2024-04-03T13:14:00.016Z] <<< [apiv2][body] POST https://cloudresourcemanager.googleapis.com/v1/projects/uniexpense-5cc57:testIamPermissions {"permissions":["firebase.projects.get"]}
[debug] [2024-04-03T13:14:00.020Z] >>> [apiv2][query] GET https://serviceusage.googleapis.com/v1/projects/uniexpense-5cc57/services/cloudfunctions.googleapis.com [none]
[debug] [2024-04-03T13:14:00.020Z] >>> [apiv2][(partial)header] GET https://serviceusage.googleapis.com/v1/projects/uniexpense-5cc57/services/cloudfunctions.googleapis.com x-goog-quota-user=projects/uniexpense-5cc57
[debug] [2024-04-03T13:14:00.027Z] >>> [apiv2][query] GET https://serviceusage.googleapis.com/v1/projects/uniexpense-5cc57/services/runtimeconfig.googleapis.com [none]
[debug] [2024-04-03T13:14:00.028Z] >>> [apiv2][(partial)header] GET https://serviceusage.googleapis.com/v1/projects/uniexpense-5cc57/services/runtimeconfig.googleapis.com x-goog-quota-user=projects/uniexpense-5cc57
[debug] [2024-04-03T13:14:04.371Z] <<< [apiv2][status] GET https://serviceusage.googleapis.com/v1/projects/uniexpense-5cc57/services/cloudfunctions.googleapis.com 200
[debug] [2024-04-03T13:14:04.372Z] <<< [apiv2][body] GET https://serviceusage.googleapis.com/v1/projects/uniexpense-5cc57/services/cloudfunctions.googleapis.com [omitted]
[debug] [2024-04-03T13:14:04.374Z] >>> [apiv2][query] POST https://serviceusage.googleapis.com/v1/projects/uniexpense-5cc57/services/cloudfunctions.googleapis.com:enable [none]
[debug] [2024-04-03T13:14:04.375Z] >>> [apiv2][(partial)header] POST https://serviceusage.googleapis.com/v1/projects/uniexpense-5cc57/services/cloudfunctions.googleapis.com:enable x-goog-quota-user=projects/uniexpense-5cc57
[debug] [2024-04-03T13:14:04.611Z] <<< [apiv2][status] GET https://serviceusage.googleapis.com/v1/projects/uniexpense-5cc57/services/runtimeconfig.googleapis.com 200
[debug] [2024-04-03T13:14:04.611Z] <<< [apiv2][body] GET https://serviceusage.googleapis.com/v1/projects/uniexpense-5cc57/services/runtimeconfig.googleapis.com [omitted]
[debug] [2024-04-03T13:14:06.808Z] <<< [apiv2][status] POST https://serviceusage.googleapis.com/v1/projects/uniexpense-5cc57/services/cloudfunctions.googleapis.com:enable 200
[debug] [2024-04-03T13:14:06.809Z] <<< [apiv2][body] POST https://serviceusage.googleapis.com/v1/projects/uniexpense-5cc57/services/cloudfunctions.googleapis.com:enable [omitted]
[debug] [2024-04-03T13:14:16.823Z] >>> [apiv2][query] GET https://serviceusage.googleapis.com/v1/projects/uniexpense-5cc57/services/cloudfunctions.googleapis.com [none]
[debug] [2024-04-03T13:14:16.824Z] >>> [apiv2][(partial)header] GET https://serviceusage.googleapis.com/v1/projects/uniexpense-5cc57/services/cloudfunctions.googleapis.com x-goog-quota-user=projects/uniexpense-5cc57
[debug] [2024-04-03T13:14:18.870Z] <<< [apiv2][status] GET https://serviceusage.googleapis.com/v1/projects/uniexpense-5cc57/services/cloudfunctions.googleapis.com 200
[debug] [2024-04-03T13:14:18.870Z] <<< [apiv2][body] GET https://serviceusage.googleapis.com/v1/projects/uniexpense-5cc57/services/cloudfunctions.googleapis.com [omitted]
[info] Let's create a new codebase for your functions.
[info] A directory corresponding to the codebase will be created in your project
[info] with sample code pre-configured.

[info] See https://firebase.google.com/docs/functions/organize-functions for
[info] more information on organizing your functions using codebases.

[info] Functions can be deployed with firebase deploy.

[info] +  Wrote functions/package.json 
[info] +  Wrote functions/.eslintrc.js 
[info] +  Wrote functions/index.js 
[info] +  Wrote functions/.gitignore 
[info] 
